<?xml version="1.0" encoding="UTF-8"?>
<!-- Generated by org.testng.reporters.JUnitReportReporter -->
<testsuite hostname="Yokesh" failures="0" tests="1" name="com.DemoWebShop.TestScripts.DDF" time="8.022" errors="0" timestamp="2023-09-06T14:30:26 IST" skipped="0">
  <testcase classname="com.DemoWebShop.TestScripts.DDF" name="verifyErrorMsg" time="8.022"/>
  <system-out/>
</testsuite> <!-- com.DemoWebShop.TestScripts.DDF -->
