<?xml version="1.0" encoding="UTF-8"?>
<!-- Generated by org.testng.reporters.JUnitReportReporter -->
<testsuite hostname="Yokesh" failures="0" tests="1" name="com.DemoWebShop.TestScripts.LoginTest" time="5.576" errors="0" timestamp="2023-09-06T13:53:00 IST" skipped="0">
  <testcase classname="com.DemoWebShop.TestScripts.LoginTest" name="LoginPageTest" time="5.576"/>
  <system-out/>
</testsuite> <!-- com.DemoWebShop.TestScripts.LoginTest -->
